INST NON_GENOME PIN 94: INST muxpart__4096_RAM PIN 32 TYPE 0
INST NON_GENOME PIN 95: INST muxpart__4096_RAM PIN 33 TYPE 0
INST NON_GENOME PIN 96: INST muxpart__4096_RAM PIN 34 TYPE 0
INST NON_GENOME PIN 97: INST muxpart__4096_RAM PIN 35 TYPE 0
INST NON_GENOME PIN 98: INST muxpart__4096_RAM PIN 36 TYPE 0
INST NON_GENOME PIN 99: INST muxpart__4096_RAM PIN 37 TYPE 0
INST NON_GENOME PIN 100: INST muxpart__4096_RAM PIN 38 TYPE 0
INST NON_GENOME PIN 101: INST muxpart__4096_RAM PIN 39 TYPE 0
INST NON_GENOME PIN 102: INST muxpart__4096_RAM PIN 40 TYPE 0
INST NON_GENOME PIN 103: INST muxpart__4096_RAM PIN 41 TYPE 0
INST NON_GENOME PIN 104: INST muxpart__4096_RAM PIN 42 TYPE 0
INST NON_GENOME PIN 105: INST muxpart__4096_RAM PIN 43 TYPE 0
INST NON_GENOME PIN 106: INST muxpart__4096_RAM PIN 44 TYPE 0
INST NON_GENOME PIN 107: INST muxpart__4096_RAM PIN 45 TYPE 0
INST NON_GENOME PIN 108: INST muxpart__4096_RAM PIN 46 TYPE 0
INST NON_GENOME PIN 109: INST muxpart__4096_RAM PIN 47 TYPE 0
INST NON_GENOME PIN 110: INST muxpart__4096_RAM PIN 48 TYPE 0
INST NON_GENOME PIN 111: INST muxpart__4096_RAM PIN 49 TYPE 0
INST NON_GENOME PIN 112: INST muxpart__4096_RAM PIN 50 TYPE 0
INST NON_GENOME PIN 113: INST muxpart__4096_RAM PIN 51 TYPE 0
INST NON_GENOME PIN 114: INST muxpart__4096_RAM PIN 52 TYPE 0
INST NON_GENOME PIN 115: INST muxpart__4096_RAM PIN 53 TYPE 0
INST NON_GENOME PIN 116: INST muxpart__4096_RAM PIN 54 TYPE 0
INST NON_GENOME PIN 117: INST muxpart__4096_RAM PIN 55 TYPE 0
INST NON_GENOME PIN 126: INST muxpart__4096_RAM PIN 64 TYPE 0
INST NON_GENOME PIN 127: INST muxpart__4096_RAM PIN 65 TYPE 0
INST NON_GENOME PIN 128: INST muxpart__4096_RAM PIN 66 TYPE 0
INST NON_GENOME PIN 129: INST muxpart__4096_RAM PIN 67 TYPE 0
INST NON_GENOME PIN 130: INST muxpart__4096_RAM PIN 68 TYPE 0
INST NON_GENOME PIN 131: INST muxpart__4096_RAM PIN 69 TYPE 0
INST NON_GENOME PIN 132: INST muxpart__4096_RAM PIN 70 TYPE 0
INST NON_GENOME PIN 133: INST muxpart__4096_RAM PIN 71 TYPE 0
INST NON_GENOME PIN 134: INST muxpart__4096_RAM PIN 72 TYPE 0
INST NON_GENOME PIN 135: INST muxpart__4096_RAM PIN 73 TYPE 0
INST NON_GENOME PIN 136: INST muxpart__4096_RAM PIN 74 TYPE 0
INST NON_GENOME PIN 137: INST muxpart__4096_RAM PIN 75 TYPE 0
INST NON_GENOME PIN 138: INST muxpart__4096_RAM PIN 76 TYPE 0
INST NON_GENOME PIN 139: INST muxpart__4096_RAM PIN 77 TYPE 0
INST NON_GENOME PIN 140: INST muxpart__4096_RAM PIN 78 TYPE 0
INST NON_GENOME PIN 141: INST muxpart__4096_RAM PIN 79 TYPE 0
INST NON_GENOME PIN 142: INST muxpart__4096_RAM PIN 80 TYPE 0
INST NON_GENOME PIN 143: INST muxpart__4096_RAM PIN 81 TYPE 0
INST NON_GENOME PIN 144: INST muxpart__4096_RAM PIN 82 TYPE 0
INST NON_GENOME PIN 145: INST muxpart__4096_RAM PIN 83 TYPE 0
INST NON_GENOME PIN 146: INST muxpart__4096_RAM PIN 84 TYPE 0
INST NON_GENOME PIN 147: INST muxpart__4096_RAM PIN 85 TYPE 0
INST NON_GENOME PIN 148: INST muxpart__4096_RAM PIN 86 TYPE 0
INST NON_GENOME PIN 149: INST muxpart__4096_RAM PIN 87 TYPE 0
INST muxpart__4096_RAM PIN 38496: INST RAM__GB3 PIN 9760 TYPE 5
INST muxpart__4096_RAM PIN 38497: INST RAM__GB3 PIN 9761 TYPE 5
INST muxpart__4096_RAM PIN 38498: INST RAM__GB3 PIN 9762 TYPE 5
INST muxpart__4096_RAM PIN 38499: INST RAM__GB3 PIN 9763 TYPE 5
INST muxpart__4096_RAM PIN 38500: INST RAM__GB3 PIN 9764 TYPE 5
INST muxpart__4096_RAM PIN 38501: INST RAM__GB3 PIN 9765 TYPE 5
INST muxpart__4096_RAM PIN 38502: INST RAM__GB3 PIN 9766 TYPE 5
INST muxpart__4096_RAM PIN 38503: INST RAM__GB3 PIN 9767 TYPE 5
INST muxpart__4096_RAM PIN 38504: INST RAM__GB3 PIN 9768 TYPE 5
INST muxpart__4096_RAM PIN 38505: INST RAM__GB3 PIN 9769 TYPE 5
INST muxpart__4096_RAM PIN 38506: INST RAM__GB3 PIN 9770 TYPE 5
INST muxpart__4096_RAM PIN 38507: INST RAM__GB3 PIN 9771 TYPE 5
INST muxpart__4096_RAM PIN 38508: INST RAM__GB3 PIN 9772 TYPE 5
INST muxpart__4096_RAM PIN 38509: INST RAM__GB3 PIN 9773 TYPE 5
INST muxpart__4096_RAM PIN 38510: INST RAM__GB3 PIN 9774 TYPE 5
INST muxpart__4096_RAM PIN 38511: INST RAM__GB3 PIN 9775 TYPE 5
INST muxpart__4096_RAM PIN 38512: INST RAM__GB3 PIN 9776 TYPE 5
INST muxpart__4096_RAM PIN 38513: INST RAM__GB3 PIN 9777 TYPE 5
INST muxpart__4096_RAM PIN 38514: INST RAM__GB3 PIN 9778 TYPE 5
INST muxpart__4096_RAM PIN 38515: INST RAM__GB3 PIN 9779 TYPE 5
INST muxpart__4096_RAM PIN 38516: INST RAM__GB3 PIN 9780 TYPE 5
INST muxpart__4096_RAM PIN 38517: INST RAM__GB3 PIN 9781 TYPE 5
INST muxpart__4096_RAM PIN 38518: INST RAM__GB3 PIN 9782 TYPE 5
INST muxpart__4096_RAM PIN 38519: INST RAM__GB3 PIN 9783 TYPE 5
INST muxpart__4096_RAM PIN 38520: INST RAM__GB3 PIN 9784 TYPE 5
INST muxpart__4096_RAM PIN 38521: INST RAM__GB3 PIN 9785 TYPE 5
INST muxpart__4096_RAM PIN 38522: INST RAM__GB3 PIN 9786 TYPE 5
INST muxpart__4096_RAM PIN 38523: INST RAM__GB3 PIN 9787 TYPE 5
INST muxpart__4096_RAM PIN 38524: INST RAM__GB3 PIN 9788 TYPE 5
INST muxpart__4096_RAM PIN 38525: INST RAM__GB3 PIN 9789 TYPE 5
INST muxpart__4096_RAM PIN 38526: INST RAM__GB3 PIN 9790 TYPE 5
INST muxpart__4096_RAM PIN 38527: INST RAM__GB3 PIN 9791 TYPE 5
INST muxpart__4096_RAM PIN 38528: INST RAM__GB3 PIN 10112 TYPE 5
INST muxpart__4096_RAM PIN 38529: INST RAM__GB3 PIN 10113 TYPE 5
INST muxpart__4096_RAM PIN 38530: INST RAM__GB3 PIN 10114 TYPE 5
INST muxpart__4096_RAM PIN 38531: INST RAM__GB3 PIN 10115 TYPE 5
INST muxpart__4096_RAM PIN 38532: INST RAM__GB3 PIN 10116 TYPE 5
INST muxpart__4096_RAM PIN 38533: INST RAM__GB3 PIN 10117 TYPE 5
INST muxpart__4096_RAM PIN 38534: INST RAM__GB3 PIN 10118 TYPE 5
INST muxpart__4096_RAM PIN 38535: INST RAM__GB3 PIN 10119 TYPE 5
INST muxpart__4096_RAM PIN 38536: INST RAM__GB3 PIN 10120 TYPE 5
INST muxpart__4096_RAM PIN 38537: INST RAM__GB3 PIN 10121 TYPE 5
INST muxpart__4096_RAM PIN 38538: INST RAM__GB3 PIN 10122 TYPE 5
INST muxpart__4096_RAM PIN 38539: INST RAM__GB3 PIN 10123 TYPE 5
INST muxpart__4096_RAM PIN 38540: INST RAM__GB3 PIN 10124 TYPE 5
INST muxpart__4096_RAM PIN 38541: INST RAM__GB3 PIN 10125 TYPE 5
INST muxpart__4096_RAM PIN 38542: INST RAM__GB3 PIN 10126 TYPE 5
INST muxpart__4096_RAM PIN 38543: INST RAM__GB3 PIN 10127 TYPE 5
INST muxpart__4096_RAM PIN 38544: INST RAM__GB3 PIN 10128 TYPE 5
INST muxpart__4096_RAM PIN 38545: INST RAM__GB3 PIN 10129 TYPE 5
INST muxpart__4096_RAM PIN 38546: INST RAM__GB3 PIN 10130 TYPE 5
INST muxpart__4096_RAM PIN 38547: INST RAM__GB3 PIN 10131 TYPE 5
INST muxpart__4096_RAM PIN 38548: INST RAM__GB3 PIN 10132 TYPE 5
INST muxpart__4096_RAM PIN 38549: INST RAM__GB3 PIN 10133 TYPE 5
INST muxpart__4096_RAM PIN 38550: INST RAM__GB3 PIN 10134 TYPE 5
INST muxpart__4096_RAM PIN 38551: INST RAM__GB3 PIN 10135 TYPE 5
INST muxpart__4096_RAM PIN 38552: INST RAM__GB3 PIN 10136 TYPE 5
INST muxpart__4096_RAM PIN 38553: INST RAM__GB3 PIN 10137 TYPE 5
INST muxpart__4096_RAM PIN 38554: INST RAM__GB3 PIN 10138 TYPE 5
INST muxpart__4096_RAM PIN 38555: INST RAM__GB3 PIN 10139 TYPE 5
INST muxpart__4096_RAM PIN 38556: INST RAM__GB3 PIN 10140 TYPE 5
INST muxpart__4096_RAM PIN 38557: INST RAM__GB3 PIN 10141 TYPE 5
INST muxpart__4096_RAM PIN 38558: INST RAM__GB3 PIN 10142 TYPE 5
INST muxpart__4096_RAM PIN 38559: INST RAM__GB3 PIN 10143 TYPE 5
INST RAM__GB3 PIN 9760: GENOME RAM__GB3 PIN 9760
INST RAM__GB3 PIN 9761: GENOME RAM__GB3 PIN 9761
INST RAM__GB3 PIN 9762: GENOME RAM__GB3 PIN 9762
INST RAM__GB3 PIN 9763: GENOME RAM__GB3 PIN 9763
INST RAM__GB3 PIN 9764: GENOME RAM__GB3 PIN 9764
INST RAM__GB3 PIN 9765: GENOME RAM__GB3 PIN 9765
INST RAM__GB3 PIN 9766: GENOME RAM__GB3 PIN 9766
INST RAM__GB3 PIN 9767: GENOME RAM__GB3 PIN 9767
INST RAM__GB3 PIN 9768: GENOME RAM__GB3 PIN 9768
INST RAM__GB3 PIN 9769: GENOME RAM__GB3 PIN 9769
INST RAM__GB3 PIN 9770: GENOME RAM__GB3 PIN 9770
INST RAM__GB3 PIN 9771: GENOME RAM__GB3 PIN 9771
INST RAM__GB3 PIN 9772: GENOME RAM__GB3 PIN 9772
INST RAM__GB3 PIN 9773: GENOME RAM__GB3 PIN 9773
INST RAM__GB3 PIN 9774: GENOME RAM__GB3 PIN 9774
INST RAM__GB3 PIN 9775: GENOME RAM__GB3 PIN 9775
INST RAM__GB3 PIN 9776: GENOME RAM__GB3 PIN 9776
INST RAM__GB3 PIN 9777: GENOME RAM__GB3 PIN 9777
INST RAM__GB3 PIN 9778: GENOME RAM__GB3 PIN 9778
INST RAM__GB3 PIN 9779: GENOME RAM__GB3 PIN 9779
INST RAM__GB3 PIN 9780: GENOME RAM__GB3 PIN 9780
INST RAM__GB3 PIN 9781: GENOME RAM__GB3 PIN 9781
INST RAM__GB3 PIN 9782: GENOME RAM__GB3 PIN 9782
INST RAM__GB3 PIN 9783: GENOME RAM__GB3 PIN 9783
INST RAM__GB3 PIN 9784: GENOME RAM__GB3 PIN 9784
INST RAM__GB3 PIN 9785: GENOME RAM__GB3 PIN 9785
INST RAM__GB3 PIN 9786: GENOME RAM__GB3 PIN 9786
INST RAM__GB3 PIN 9787: GENOME RAM__GB3 PIN 9787
INST RAM__GB3 PIN 9788: GENOME RAM__GB3 PIN 9788
INST RAM__GB3 PIN 9789: GENOME RAM__GB3 PIN 9789
INST RAM__GB3 PIN 9790: GENOME RAM__GB3 PIN 9790
INST RAM__GB3 PIN 9791: GENOME RAM__GB3 PIN 9791
INST RAM__GB3 PIN 10112: GENOME RAM__GB3 PIN 10112
INST RAM__GB3 PIN 10113: GENOME RAM__GB3 PIN 10113
INST RAM__GB3 PIN 10114: GENOME RAM__GB3 PIN 10114
INST RAM__GB3 PIN 10115: GENOME RAM__GB3 PIN 10115
INST RAM__GB3 PIN 10116: GENOME RAM__GB3 PIN 10116
INST RAM__GB3 PIN 10117: GENOME RAM__GB3 PIN 10117
INST RAM__GB3 PIN 10118: GENOME RAM__GB3 PIN 10118
INST RAM__GB3 PIN 10119: GENOME RAM__GB3 PIN 10119
INST RAM__GB3 PIN 10120: GENOME RAM__GB3 PIN 10120
INST RAM__GB3 PIN 10121: GENOME RAM__GB3 PIN 10121
INST RAM__GB3 PIN 10122: GENOME RAM__GB3 PIN 10122
INST RAM__GB3 PIN 10123: GENOME RAM__GB3 PIN 10123
INST RAM__GB3 PIN 10124: GENOME RAM__GB3 PIN 10124
INST RAM__GB3 PIN 10125: GENOME RAM__GB3 PIN 10125
INST RAM__GB3 PIN 10126: GENOME RAM__GB3 PIN 10126
INST RAM__GB3 PIN 10127: GENOME RAM__GB3 PIN 10127
INST RAM__GB3 PIN 10128: GENOME RAM__GB3 PIN 10128
INST RAM__GB3 PIN 10129: GENOME RAM__GB3 PIN 10129
INST RAM__GB3 PIN 10130: GENOME RAM__GB3 PIN 10130
INST RAM__GB3 PIN 10131: GENOME RAM__GB3 PIN 10131
INST RAM__GB3 PIN 10132: GENOME RAM__GB3 PIN 10132
INST RAM__GB3 PIN 10133: GENOME RAM__GB3 PIN 10133
INST RAM__GB3 PIN 10134: GENOME RAM__GB3 PIN 10134
INST RAM__GB3 PIN 10135: GENOME RAM__GB3 PIN 10135
INST RAM__GB3 PIN 10136: GENOME RAM__GB3 PIN 10136
INST RAM__GB3 PIN 10137: GENOME RAM__GB3 PIN 10137
INST RAM__GB3 PIN 10138: GENOME RAM__GB3 PIN 10138
INST RAM__GB3 PIN 10139: GENOME RAM__GB3 PIN 10139
INST RAM__GB3 PIN 10140: GENOME RAM__GB3 PIN 10140
INST RAM__GB3 PIN 10141: GENOME RAM__GB3 PIN 10141
INST RAM__GB3 PIN 10142: GENOME RAM__GB3 PIN 10142
INST RAM__GB3 PIN 10143: GENOME RAM__GB3 PIN 10143
INST RAM__GB3 PIN 18418: INST RAM__GB8 PIN 111 TYPE 5
INST RAM__GB3 PIN 18429: INST RAM__GB11 PIN 695 TYPE 5
INST muxpart__4096_RAM PIN 32: GENOME muxpart__4096_RAM PIN 32
INST muxpart__4096_RAM PIN 33: GENOME muxpart__4096_RAM PIN 33
INST muxpart__4096_RAM PIN 34: GENOME muxpart__4096_RAM PIN 34
INST muxpart__4096_RAM PIN 35: GENOME muxpart__4096_RAM PIN 35
INST muxpart__4096_RAM PIN 36: GENOME muxpart__4096_RAM PIN 36
INST muxpart__4096_RAM PIN 37: GENOME muxpart__4096_RAM PIN 37
INST muxpart__4096_RAM PIN 38: GENOME muxpart__4096_RAM PIN 38
INST muxpart__4096_RAM PIN 39: GENOME muxpart__4096_RAM PIN 39
INST muxpart__4096_RAM PIN 40: GENOME muxpart__4096_RAM PIN 40
INST muxpart__4096_RAM PIN 41: GENOME muxpart__4096_RAM PIN 41
INST muxpart__4096_RAM PIN 42: GENOME muxpart__4096_RAM PIN 42
INST muxpart__4096_RAM PIN 43: GENOME muxpart__4096_RAM PIN 43
INST muxpart__4096_RAM PIN 44: GENOME muxpart__4096_RAM PIN 44
INST muxpart__4096_RAM PIN 45: GENOME muxpart__4096_RAM PIN 45
INST muxpart__4096_RAM PIN 46: GENOME muxpart__4096_RAM PIN 46
INST muxpart__4096_RAM PIN 47: GENOME muxpart__4096_RAM PIN 47
INST muxpart__4096_RAM PIN 48: GENOME muxpart__4096_RAM PIN 48
INST muxpart__4096_RAM PIN 49: GENOME muxpart__4096_RAM PIN 49
INST muxpart__4096_RAM PIN 50: GENOME muxpart__4096_RAM PIN 50
INST muxpart__4096_RAM PIN 51: GENOME muxpart__4096_RAM PIN 51
INST muxpart__4096_RAM PIN 52: GENOME muxpart__4096_RAM PIN 52
INST muxpart__4096_RAM PIN 53: GENOME muxpart__4096_RAM PIN 53
INST muxpart__4096_RAM PIN 54: GENOME muxpart__4096_RAM PIN 54
INST muxpart__4096_RAM PIN 55: GENOME muxpart__4096_RAM PIN 55
INST muxpart__4096_RAM PIN 64: GENOME muxpart__4096_RAM PIN 64
INST muxpart__4096_RAM PIN 65: GENOME muxpart__4096_RAM PIN 65
INST muxpart__4096_RAM PIN 66: GENOME muxpart__4096_RAM PIN 66
INST muxpart__4096_RAM PIN 67: GENOME muxpart__4096_RAM PIN 67
INST muxpart__4096_RAM PIN 68: GENOME muxpart__4096_RAM PIN 68
INST muxpart__4096_RAM PIN 69: GENOME muxpart__4096_RAM PIN 69
INST muxpart__4096_RAM PIN 70: GENOME muxpart__4096_RAM PIN 70
INST muxpart__4096_RAM PIN 71: GENOME muxpart__4096_RAM PIN 71
INST muxpart__4096_RAM PIN 72: GENOME muxpart__4096_RAM PIN 72
INST muxpart__4096_RAM PIN 73: GENOME muxpart__4096_RAM PIN 73
INST muxpart__4096_RAM PIN 74: GENOME muxpart__4096_RAM PIN 74
INST muxpart__4096_RAM PIN 75: GENOME muxpart__4096_RAM PIN 75
INST muxpart__4096_RAM PIN 76: GENOME muxpart__4096_RAM PIN 76
INST muxpart__4096_RAM PIN 77: GENOME muxpart__4096_RAM PIN 77
INST muxpart__4096_RAM PIN 78: GENOME muxpart__4096_RAM PIN 78
INST muxpart__4096_RAM PIN 79: GENOME muxpart__4096_RAM PIN 79
INST muxpart__4096_RAM PIN 80: GENOME muxpart__4096_RAM PIN 80
INST muxpart__4096_RAM PIN 81: GENOME muxpart__4096_RAM PIN 81
INST muxpart__4096_RAM PIN 82: GENOME muxpart__4096_RAM PIN 82
INST muxpart__4096_RAM PIN 83: GENOME muxpart__4096_RAM PIN 83
INST muxpart__4096_RAM PIN 84: GENOME muxpart__4096_RAM PIN 84
INST muxpart__4096_RAM PIN 85: GENOME muxpart__4096_RAM PIN 85
INST muxpart__4096_RAM PIN 86: GENOME muxpart__4096_RAM PIN 86
INST muxpart__4096_RAM PIN 87: GENOME muxpart__4096_RAM PIN 87
INST RAM__GB11 PIN 695: GENOME RAM__GB11 PIN 695
INST RAM__GB8 PIN 111: GENOME RAM__GB8 PIN 111
REEXTRACT_GENOME: GENOME RAM__GB1 GENOME muxpart__4096_RAM GENOME RAM__GB3 GENOME RAM__GB4 GENOME RAM__GB9 GENOME RAM__GB2 GENOME RAM_GT1__1
RAM__GB1: GENOME muxpart__4096_RAM GENOME RAM_GT0 GENOME RAM_GT1 GENOME RAM_GT2
muxpart__4096_RAM: GENOME RAM__GB1 GENOME RAM_GT0 GENOME RAM_GT1 GENOME RAM_GT2
DISSOLVE_GENOME: GENOME RAM__GB1 GENOME muxpart__4096_RAM GENOME RAM__GB3 GENOME RAM__GB4 GENOME RAM__GB9 GENOME RAM__GB2 GENOME RAM_GT1__1
RAM__GB3: GENOME RAM__GB4 GENOME RAM__GB9 GENOME RAM_GT0__1 GENOME RAM_GT1__1
RAM__GB4: GENOME RAM__GB3 GENOME RAM__GB9 GENOME RAM_GT0__1 GENOME RAM_GT1__1
RAM__GB9: GENOME RAM__GB3 GENOME RAM__GB4 GENOME RAM_GT0__1 GENOME RAM_GT1__1
RAM__GB2: GENOME RAM_GT1__1 GENOME RAM_GT0__2 GENOME RAM_GT1__2
RAM_GT1__1: GENOME RAM__GB2 GENOME RAM_GT0__2 GENOME RAM_GT1__2
